[34m[1msegment/train: [0mweights=, cfg=models/segment/gelan-c-seg.yaml, data=data/RadioGalaxyNet.yaml, hyp=hyp.scratch-high.yaml, epochs=300, batch_size=32, imgsz=450, rect=False, resume=False, nosave=False, noval=False, noautoanchor=False, noplots=False, evolve=None, bucket=, cache=None, image_weights=False, device=0, multi_scale=False, single_cls=False, optimizer=SGD, sync_bn=False, workers=8, project=runs/train-seg, name=gelan-c-seg-TEST, exist_ok=False, quad=False, cos_lr=False, label_smoothing=0.0, patience=100, freeze=[0], save_period=-1, seed=0, local_rank=-1, close_mosaic=10, mask_ratio=4, no_overlap=True
YOLO 🚀 2024-3-20 Python-3.10.13 torch-2.2.1+cu121 CUDA:0 (Tesla V100-PCIE-32GB, 32501MiB)

[34m[1mhyperparameters: [0mlr0=0.01, lrf=0.01, momentum=0.937, weight_decay=0.0005, warmup_epochs=3.0, warmup_momentum=0.8, warmup_bias_lr=0.1, box=7.5, cls=0.5, cls_pw=1.0, obj=0.7, obj_pw=1.0, dfl=1.5, iou_t=0.2, anchor_t=5.0, fl_gamma=0.0, hsv_h=0.015, hsv_s=0.7, hsv_v=0.4, degrees=0.0, translate=0.1, scale=0.9, shear=0.0, perspective=0.0, flipud=0.0, fliplr=0.5, mosaic=1.0, mixup=0.15, copy_paste=0.3
[34m[1mTensorBoard: [0mStart with 'tensorboard --logdir runs/train-seg', view at http://localhost:6006/
Overriding model.yaml nc=80 with nc=4

                 from  n    params  module                                  arguments                     
  0                -1  1      1856  models.common.Conv                      [3, 64, 3, 2]                 
  1                -1  1     73984  models.common.Conv                      [64, 128, 3, 2]               
  2                -1  1    212864  models.common.RepNCSPELAN4              [128, 256, 128, 64, 1]        
  3                -1  1    164352  models.common.ADown                     [256, 256]                    
  4                -1  1    847616  models.common.RepNCSPELAN4              [256, 512, 256, 128, 1]       
  5                -1  1    656384  models.common.ADown                     [512, 512]                    
  6                -1  1   2857472  models.common.RepNCSPELAN4              [512, 512, 512, 256, 1]       
  7                -1  1    656384  models.common.ADown                     [512, 512]                    
  8                -1  1   2857472  models.common.RepNCSPELAN4              [512, 512, 512, 256, 1]       
  9                -1  1    656896  models.common.SPPELAN                   [512, 512, 256]               
 10                -1  1         0  torch.nn.modules.upsampling.Upsample    [None, 2, 'nearest']          
 11           [-1, 6]  1         0  models.common.Concat                    [1]                           
 12                -1  1   3119616  models.common.RepNCSPELAN4              [1024, 512, 512, 256, 1]      
 13                -1  1         0  torch.nn.modules.upsampling.Upsample    [None, 2, 'nearest']          
 14           [-1, 4]  1         0  models.common.Concat                    [1]                           
 15                -1  1    912640  models.common.RepNCSPELAN4              [1024, 256, 256, 128, 1]      
 16                -1  1    164352  models.common.ADown                     [256, 256]                    
 17          [-1, 12]  1         0  models.common.Concat                    [1]                           
 18                -1  1   2988544  models.common.RepNCSPELAN4              [768, 512, 512, 256, 1]       
 19                -1  1    656384  models.common.ADown                     [512, 512]                    
 20           [-1, 9]  1         0  models.common.Concat                    [1]                           
 21                -1  1   3119616  models.common.RepNCSPELAN4              [1024, 512, 512, 256, 1]      
 22      [15, 18, 21]  1   7629692  models.yolo.Segment                     [4, 32, 256, [256, 512, 512]] 
gelan-c-seg summary: 657 layers, 27576124 parameters, 27576108 gradients, 145.7 GFLOPs

[34m[1mAMP: [0mchecks passed ✅
WARNING ⚠️ --img-size 450 must be multiple of max stride 32, updating to 480
[34m[1moptimizer:[0m SGD(lr=0.01) with parameter groups 163 weight(decay=0.0), 173 weight(decay=0.0005), 172 bias
[34m[1malbumentations: [0mBlur(p=0.01, blur_limit=(3, 7)), MedianBlur(p=0.01, blur_limit=(3, 7)), ToGray(p=0.01), CLAHE(p=0.01, clip_limit=(1, 4.0), tile_grid_size=(8, 8))
[34m[1mtrain: [0mScanning /fs04/ml20/FYP_GALAXY/YOLOv9/datasets/RadioGalaxyNET/data/RadioGalaxyNET/labels/train.cache... 1959 images, 0 backgrounds, 0 corrupt:[0m[34m[1mtrain: [0mScanning /fs04/ml20/FYP_GALAXY/YOLOv9/datasets/RadioGalaxyNET/data/RadioGalaxyNET/labels/train.cache... 1959 images, 0 backgrounds, 0 corrupt:[0m
[34m[1mval: [0mScanning /fs04/ml20/FYP_GALAXY/YOLOv9/datasets/RadioGalaxyNET/data/RadioGalaxyNET/labels/val.cache... 420 images, 0 backgrounds, 0 corrupt: 100%[0m[34m[1mval: [0mScanning /fs04/ml20/FYP_GALAXY/YOLOv9/datasets/RadioGalaxyNET/data/RadioGalaxyNET/labels/val.cache... 420 images, 0 backgrounds, 0 corrupt: 100%[0m
Plotting labels to runs/train-seg/gelan-c-seg-TEST5/labels.jpg... 
Image sizes 480 train, 480 val
Using 8 dataloader workers
Logging results to [1mruns/train-seg/gelan-c-seg-TEST5[0m
Starting training for 300 epochs...

      Epoch    GPU_mem   box_loss   seg_loss   cls_loss   dfl_loss  Instances       Size
  0%|          | 0/62 00:00  0%|          | 0/62 00:00
Traceback (most recent call last):
  File "/fs04/ml20/FYP_GALAXY/YOLOv9/yolov9-main/segment/train.py", line 646, in <module>
    main(opt)
  File "/fs04/ml20/FYP_GALAXY/YOLOv9/yolov9-main/segment/train.py", line 542, in main
    train(opt.hyp, opt, device, callbacks)
  File "/fs04/ml20/FYP_GALAXY/YOLOv9/yolov9-main/segment/train.py", line 270, in train
    for i, (imgs, targets, paths, _, masks) in pbar:  # batch ------------------------------------------------------
  File "/home/zacharid/ml20_scratch/miniconda3/envs/yolo/lib/python3.10/site-packages/tqdm/std.py", line 1181, in __iter__
    for obj in iterable:
  File "/home/zacharid/ml20_scratch/miniconda3/envs/yolo/lib/python3.10/site-packages/torch/utils/data/dataloader.py", line 631, in __next__
    data = self._next_data()
  File "/home/zacharid/ml20_scratch/miniconda3/envs/yolo/lib/python3.10/site-packages/torch/utils/data/dataloader.py", line 1346, in _next_data
    return self._process_data(data)
  File "/home/zacharid/ml20_scratch/miniconda3/envs/yolo/lib/python3.10/site-packages/torch/utils/data/dataloader.py", line 1372, in _process_data
    data.reraise()
  File "/home/zacharid/ml20_scratch/miniconda3/envs/yolo/lib/python3.10/site-packages/torch/_utils.py", line 722, in reraise
    raise exception
AttributeError: Caught AttributeError in DataLoader worker process 0.
Original Traceback (most recent call last):
  File "/home/zacharid/ml20_scratch/miniconda3/envs/yolo/lib/python3.10/site-packages/torch/utils/data/_utils/worker.py", line 308, in _worker_loop
    data = fetcher.fetch(index)
  File "/home/zacharid/ml20_scratch/miniconda3/envs/yolo/lib/python3.10/site-packages/torch/utils/data/_utils/fetch.py", line 51, in fetch
    data = [self.dataset[idx] for idx in possibly_batched_index]
  File "/home/zacharid/ml20_scratch/miniconda3/envs/yolo/lib/python3.10/site-packages/torch/utils/data/_utils/fetch.py", line 51, in <listcomp>
    data = [self.dataset[idx] for idx in possibly_batched_index]
  File "/fs04/ml20/FYP_GALAXY/YOLOv9/yolov9-main/utils/segment/dataloaders.py", line 111, in __getitem__
    img, labels, segments = self.load_mosaic(index)
  File "/fs04/ml20/FYP_GALAXY/YOLOv9/yolov9-main/utils/segment/dataloaders.py", line 251, in load_mosaic
    img4, labels4, segments4 = random_perspective(img4,
  File "/fs04/ml20/FYP_GALAXY/YOLOv9/yolov9-main/utils/segment/augmentations.py", line 32, in random_perspective
    print(segments.shape) #ZACH
AttributeError: 'list' object has no attribute 'shape'

Exception in thread Thread-3 (_pin_memory_loop):
Traceback (most recent call last):
  File "/home/zacharid/ml20_scratch/miniconda3/envs/yolo/lib/python3.10/threading.py", line 1016, in _bootstrap_inner
    self.run()
  File "/home/zacharid/ml20_scratch/miniconda3/envs/yolo/lib/python3.10/threading.py", line 953, in run
    self._target(*self._args, **self._kwargs)
  File "/home/zacharid/ml20_scratch/miniconda3/envs/yolo/lib/python3.10/site-packages/torch/utils/data/_utils/pin_memory.py", line 53, in _pin_memory_loop
    do_one_step()
  File "/home/zacharid/ml20_scratch/miniconda3/envs/yolo/lib/python3.10/site-packages/torch/utils/data/_utils/pin_memory.py", line 30, in do_one_step
    r = in_queue.get(timeout=MP_STATUS_CHECK_INTERVAL)
  File "/home/zacharid/ml20_scratch/miniconda3/envs/yolo/lib/python3.10/multiprocessing/queues.py", line 122, in get
    return _ForkingPickler.loads(res)
  File "/home/zacharid/ml20_scratch/miniconda3/envs/yolo/lib/python3.10/site-packages/torch/multiprocessing/reductions.py", line 495, in rebuild_storage_fd
    fd = df.detach()
  File "/home/zacharid/ml20_scratch/miniconda3/envs/yolo/lib/python3.10/multiprocessing/resource_sharer.py", line 57, in detach
